d:\study\seetaface\detection\facedetection\x64\debug\facedetection.pch
d:\study\seetaface\detection\facedetection\x64\debug\vc120.pdb
d:\study\seetaface\detection\facedetection\x64\debug\vc120.idb
d:\study\seetaface\detection\facedetection\x64\debug\stdafx.obj
d:\study\seetaface\detection\facedetection\x64\debug\lab_boosted_classifier.obj
d:\study\seetaface\detection\facedetection\x64\debug\mlp.obj
d:\study\seetaface\detection\facedetection\x64\debug\surf_mlp.obj
d:\study\seetaface\detection\facedetection\x64\debug\face_detection.obj
d:\study\seetaface\detection\facedetection\x64\debug\lab_feature_map.obj
d:\study\seetaface\detection\facedetection\x64\debug\surf_feature_map.obj
d:\study\seetaface\detection\facedetection\x64\debug\fust.obj
d:\study\seetaface\detection\facedetection\x64\debug\lab_boost_model_reader.obj
d:\study\seetaface\detection\facedetection\x64\debug\surf_mlp_model_reader.obj
d:\study\seetaface\detection\facedetection\x64\debug\image_pyramid.obj
d:\study\seetaface\detection\facedetection\x64\debug\nms.obj
d:\study\seetaface\detection\facedetection\x64\debug\facedetection.obj
d:\study\seetaface\detection\facedetection\x64\debug\dllmain.obj
d:\study\seetaface\detection\x64\debug\facedetection.lib
d:\study\seetaface\detection\x64\debug\facedetection.exp
d:\study\seetaface\detection\x64\debug\facedetection.ilk
d:\study\seetaface\detection\x64\debug\facedetection.dll
d:\study\seetaface\detection\x64\debug\facedetection.pdb
d:\study\seetaface\face_test\seetaface\detection\facedetection\x64\debug\dllmain.obj
d:\study\seetaface\face_test\seetaface\detection\facedetection\x64\debug\facedetection.obj
d:\study\seetaface\face_test\seetaface\detection\facedetection\x64\debug\face_detection.obj
d:\study\seetaface\face_test\seetaface\detection\facedetection\x64\debug\fust.obj
d:\study\seetaface\face_test\seetaface\detection\facedetection\x64\debug\image_pyramid.obj
d:\study\seetaface\face_test\seetaface\detection\facedetection\x64\debug\lab_boosted_classifier.obj
d:\study\seetaface\face_test\seetaface\detection\facedetection\x64\debug\lab_boost_model_reader.obj
d:\study\seetaface\face_test\seetaface\detection\facedetection\x64\debug\lab_feature_map.obj
d:\study\seetaface\face_test\seetaface\detection\facedetection\x64\debug\mlp.obj
d:\study\seetaface\face_test\seetaface\detection\facedetection\x64\debug\nms.obj
d:\study\seetaface\face_test\seetaface\detection\facedetection\x64\debug\stdafx.obj
d:\study\seetaface\face_test\seetaface\detection\facedetection\x64\debug\surf_feature_map.obj
d:\study\seetaface\face_test\seetaface\detection\facedetection\x64\debug\surf_mlp.obj
d:\study\seetaface\face_test\seetaface\detection\facedetection\x64\debug\surf_mlp_model_reader.obj
d:\study\seetaface\face_test\seetaface\detection\facedetection\x64\debug\facedetection.pch
d:\study\seetaface\face_test\seetaface\detection\facedetection\x64\debug\vc120.idb
d:\study\seetaface\face_test\seetaface\detection\facedetection\x64\debug\vc120.pdb
d:\study\seetaface\face_test\seetaface\detection\x64\debug\facedetection.pdb
d:\study\seetaface\face_test\seetaface\detection\x64\debug\facedetection.dll
d:\study\seetaface\face_test\seetaface\detection\x64\debug\facedetection.ilk
d:\study\seetaface\face_test\seetaface\detection\facedetection\x64\debug\facedetection.tlog\cl.command.1.tlog
d:\study\seetaface\face_test\seetaface\detection\facedetection\x64\debug\facedetection.tlog\cl.read.1.tlog
d:\study\seetaface\face_test\seetaface\detection\facedetection\x64\debug\facedetection.tlog\cl.write.1.tlog
d:\study\seetaface\face_test\seetaface\detection\facedetection\x64\debug\facedetection.tlog\facedetection.write.1u.tlog
d:\study\seetaface\face_test\seetaface\detection\facedetection\x64\debug\facedetection.tlog\link.command.1.tlog
d:\study\seetaface\face_test\seetaface\detection\facedetection\x64\debug\facedetection.tlog\link.read.1.tlog
d:\study\seetaface\face_test\seetaface\detection\facedetection\x64\debug\facedetection.tlog\link.write.1.tlog
