d:\study\seetaface\detection\identification\x64\debug\vc120.pdb
d:\study\seetaface\detection\identification\x64\debug\vc120.idb
d:\study\seetaface\detection\identification\x64\debug\test_face_recognizer.obj
d:\study\seetaface\detection\identification\x64\debug\test_face_verification.obj
d:\study\seetaface\detection\x64\debug\identification.lib
d:\study\seetaface\detection\x64\debug\identification.exp
d:\study\seetaface\detection\x64\debug\identification.ilk
d:\study\seetaface\detection\x64\debug\identification.exe
d:\study\seetaface\detection\x64\debug\identification.pdb
d:\study\seetaface\face_test\seetaface\detection\identification\x64\debug\test_face_recognizer.obj
d:\study\seetaface\face_test\seetaface\detection\identification\x64\debug\test_face_verification.obj
d:\study\seetaface\face_test\seetaface\detection\identification\x64\debug\vc120.idb
d:\study\seetaface\face_test\seetaface\detection\identification\x64\debug\vc120.pdb
d:\study\seetaface\face_test\seetaface\detection\x64\debug\identification.pdb
d:\study\seetaface\face_test\seetaface\detection\x64\debug\identification.exe
d:\study\seetaface\face_test\seetaface\detection\x64\debug\identification.ilk
d:\study\seetaface\face_test\seetaface\detection\identification\x64\debug\identification.tlog\cl.command.1.tlog
d:\study\seetaface\face_test\seetaface\detection\identification\x64\debug\identification.tlog\cl.read.1.tlog
d:\study\seetaface\face_test\seetaface\detection\identification\x64\debug\identification.tlog\cl.write.1.tlog
d:\study\seetaface\face_test\seetaface\detection\identification\x64\debug\identification.tlog\identification.write.1u.tlog
d:\study\seetaface\face_test\seetaface\detection\identification\x64\debug\identification.tlog\link.command.1.tlog
d:\study\seetaface\face_test\seetaface\detection\identification\x64\debug\identification.tlog\link.read.1.tlog
d:\study\seetaface\face_test\seetaface\detection\identification\x64\debug\identification.tlog\link.write.1.tlog
