d:\study\seetaface\detection\faceidentification\x64\debug\faceidentification.pch
d:\study\seetaface\detection\faceidentification\x64\debug\vc120.pdb
d:\study\seetaface\detection\faceidentification\x64\debug\vc120.idb
d:\study\seetaface\detection\faceidentification\x64\debug\stdafx.obj
d:\study\seetaface\detection\faceidentification\x64\debug\bias_adder_net.obj
d:\study\seetaface\detection\faceidentification\x64\debug\blob.obj
d:\study\seetaface\detection\faceidentification\x64\debug\bn_net.obj
d:\study\seetaface\detection\faceidentification\x64\debug\common_net.obj
d:\study\seetaface\detection\faceidentification\x64\debug\conv_net.obj
d:\study\seetaface\detection\faceidentification\x64\debug\eltwise_net.obj
d:\study\seetaface\detection\faceidentification\x64\debug\inner_product_net.obj
d:\study\seetaface\detection\faceidentification\x64\debug\log.obj
d:\study\seetaface\detection\faceidentification\x64\debug\math_functions.obj
d:\study\seetaface\detection\faceidentification\x64\debug\max_pooling_net.obj
d:\study\seetaface\detection\faceidentification\x64\debug\net.obj
d:\study\seetaface\detection\faceidentification\x64\debug\pad_net.obj
d:\study\seetaface\detection\faceidentification\x64\debug\spatial_transform_net.obj
d:\study\seetaface\detection\faceidentification\x64\debug\tform_maker_net.obj
d:\study\seetaface\detection\faceidentification\x64\debug\aligner.obj
d:\study\seetaface\detection\faceidentification\x64\debug\face_identification.obj
d:\study\seetaface\detection\faceidentification\x64\debug\faceidentification.obj
d:\study\seetaface\detection\faceidentification\x64\debug\dllmain.obj
d:\study\seetaface\detection\x64\debug\faceidentification.lib
d:\study\seetaface\detection\x64\debug\faceidentification.exp
d:\study\seetaface\detection\x64\debug\faceidentification.ilk
d:\study\seetaface\detection\x64\debug\faceidentification.dll
d:\study\seetaface\detection\x64\debug\faceidentification.pdb
d:\study\seetaface\face_test\seetaface\detection\faceidentification\x64\debug\aligner.obj
d:\study\seetaface\face_test\seetaface\detection\faceidentification\x64\debug\bias_adder_net.obj
d:\study\seetaface\face_test\seetaface\detection\faceidentification\x64\debug\blob.obj
d:\study\seetaface\face_test\seetaface\detection\faceidentification\x64\debug\bn_net.obj
d:\study\seetaface\face_test\seetaface\detection\faceidentification\x64\debug\common_net.obj
d:\study\seetaface\face_test\seetaface\detection\faceidentification\x64\debug\conv_net.obj
d:\study\seetaface\face_test\seetaface\detection\faceidentification\x64\debug\dllmain.obj
d:\study\seetaface\face_test\seetaface\detection\faceidentification\x64\debug\eltwise_net.obj
d:\study\seetaface\face_test\seetaface\detection\faceidentification\x64\debug\faceidentification.obj
d:\study\seetaface\face_test\seetaface\detection\faceidentification\x64\debug\face_identification.obj
d:\study\seetaface\face_test\seetaface\detection\faceidentification\x64\debug\inner_product_net.obj
d:\study\seetaface\face_test\seetaface\detection\faceidentification\x64\debug\log.obj
d:\study\seetaface\face_test\seetaface\detection\faceidentification\x64\debug\math_functions.obj
d:\study\seetaface\face_test\seetaface\detection\faceidentification\x64\debug\max_pooling_net.obj
d:\study\seetaface\face_test\seetaface\detection\faceidentification\x64\debug\net.obj
d:\study\seetaface\face_test\seetaface\detection\faceidentification\x64\debug\pad_net.obj
d:\study\seetaface\face_test\seetaface\detection\faceidentification\x64\debug\spatial_transform_net.obj
d:\study\seetaface\face_test\seetaface\detection\faceidentification\x64\debug\stdafx.obj
d:\study\seetaface\face_test\seetaface\detection\faceidentification\x64\debug\tform_maker_net.obj
d:\study\seetaface\face_test\seetaface\detection\faceidentification\x64\debug\faceidentification.pch
d:\study\seetaface\face_test\seetaface\detection\faceidentification\x64\debug\vc120.idb
d:\study\seetaface\face_test\seetaface\detection\faceidentification\x64\debug\vc120.pdb
d:\study\seetaface\face_test\seetaface\detection\x64\debug\faceidentification.pdb
d:\study\seetaface\face_test\seetaface\detection\x64\debug\faceidentification.dll
d:\study\seetaface\face_test\seetaface\detection\x64\debug\faceidentification.ilk
d:\study\seetaface\face_test\seetaface\detection\faceidentification\x64\debug\faceiden.3bd15f74.tlog\cl.command.1.tlog
d:\study\seetaface\face_test\seetaface\detection\faceidentification\x64\debug\faceiden.3bd15f74.tlog\cl.read.1.tlog
d:\study\seetaface\face_test\seetaface\detection\faceidentification\x64\debug\faceiden.3bd15f74.tlog\cl.write.1.tlog
d:\study\seetaface\face_test\seetaface\detection\faceidentification\x64\debug\faceiden.3bd15f74.tlog\faceidentification.write.1u.tlog
d:\study\seetaface\face_test\seetaface\detection\faceidentification\x64\debug\faceiden.3bd15f74.tlog\link.command.1.tlog
d:\study\seetaface\face_test\seetaface\detection\faceidentification\x64\debug\faceiden.3bd15f74.tlog\link.read.1.tlog
d:\study\seetaface\face_test\seetaface\detection\faceidentification\x64\debug\faceiden.3bd15f74.tlog\link.write.1.tlog
