d:\study\seetaface\detection\facealignment\x64\debug\facealignment.pch
d:\study\seetaface\detection\facealignment\x64\debug\vc120.pdb
d:\study\seetaface\detection\facealignment\x64\debug\vc120.idb
d:\study\seetaface\detection\facealignment\x64\debug\stdafx.obj
d:\study\seetaface\detection\facealignment\x64\debug\cfan.obj
d:\study\seetaface\detection\facealignment\x64\debug\face_alignment.obj
d:\study\seetaface\detection\facealignment\x64\debug\sift.obj
d:\study\seetaface\detection\facealignment\x64\debug\dllmain.obj
d:\study\seetaface\detection\facealignment\x64\debug\facealignment.obj
d:\study\seetaface\detection\x64\debug\facealignment.lib
d:\study\seetaface\detection\x64\debug\facealignment.exp
d:\study\seetaface\detection\x64\debug\facealignment.ilk
d:\study\seetaface\detection\x64\debug\facealignment.dll
d:\study\seetaface\detection\x64\debug\facealignment.pdb
d:\study\seetaface\face_test\seetaface\detection\facealignment\x64\debug\cfan.obj
d:\study\seetaface\face_test\seetaface\detection\facealignment\x64\debug\dllmain.obj
d:\study\seetaface\face_test\seetaface\detection\facealignment\x64\debug\facealignment.obj
d:\study\seetaface\face_test\seetaface\detection\facealignment\x64\debug\face_alignment.obj
d:\study\seetaface\face_test\seetaface\detection\facealignment\x64\debug\sift.obj
d:\study\seetaface\face_test\seetaface\detection\facealignment\x64\debug\stdafx.obj
d:\study\seetaface\face_test\seetaface\detection\facealignment\x64\debug\facealignment.pch
d:\study\seetaface\face_test\seetaface\detection\facealignment\x64\debug\vc120.idb
d:\study\seetaface\face_test\seetaface\detection\facealignment\x64\debug\vc120.pdb
d:\study\seetaface\face_test\seetaface\detection\x64\debug\facealignment.pdb
d:\study\seetaface\face_test\seetaface\detection\x64\debug\facealignment.dll
d:\study\seetaface\face_test\seetaface\detection\x64\debug\facealignment.ilk
d:\study\seetaface\face_test\seetaface\detection\facealignment\x64\debug\facealignment.tlog\cl.command.1.tlog
d:\study\seetaface\face_test\seetaface\detection\facealignment\x64\debug\facealignment.tlog\cl.read.1.tlog
d:\study\seetaface\face_test\seetaface\detection\facealignment\x64\debug\facealignment.tlog\cl.write.1.tlog
d:\study\seetaface\face_test\seetaface\detection\facealignment\x64\debug\facealignment.tlog\facealignment.write.1u.tlog
d:\study\seetaface\face_test\seetaface\detection\facealignment\x64\debug\facealignment.tlog\link.command.1.tlog
d:\study\seetaface\face_test\seetaface\detection\facealignment\x64\debug\facealignment.tlog\link.read.1.tlog
d:\study\seetaface\face_test\seetaface\detection\facealignment\x64\debug\facealignment.tlog\link.write.1.tlog
